<?xml version="1.0" encoding="UTF-8"?>
<!-- Generated by org.testng.reporters.JUnitReportReporter -->
<testsuite hostname="ParminderKaur" failures="0" tests="4" name="testLayer.LoginTest" time="48.740" errors="0" timestamp="2023-04-25T17:58:17 EDT" skipped="0">
  <testcase classname="testLayer.LoginTest" name="Tittle" time="8.267"/>
  <system-out/>
  <testcase classname="testLayer.LoginTest" name="Login" time="13.125"/>
  <system-out/>
  <testcase classname="testLayer.LoginTest" name="Login" time="13.862"/>
  <system-out/>
  <testcase classname="testLayer.LoginTest" name="Login" time="13.486"/>
  <system-out/>
</testsuite> <!-- testLayer.LoginTest -->
